2025-07-06 15:07:45,453 - INFO - 创建多模态数据集，样本数: 2000
2025-07-06 15:07:45,453 - INFO - 词汇表大小: 63
2025-07-06 15:07:45,454 - INFO - 创建多模态数据集，样本数: 500
2025-07-06 15:07:45,454 - INFO - 词汇表大小: 63
2025-07-06 15:08:08,651 - INFO - 创建多模态数据集，样本数: 2000
2025-07-06 15:08:08,651 - INFO - 词汇表大小: 63
2025-07-06 15:08:08,651 - INFO - 创建多模态数据集，样本数: 500
2025-07-06 15:08:08,651 - INFO - 词汇表大小: 63
2025-07-06 15:11:33,064 - INFO - 创建多模态数据集，样本数: 2000
2025-07-06 15:11:33,065 - INFO - 词汇表大小: 63
2025-07-06 15:11:33,065 - INFO - 创建多模态数据集，样本数: 500
2025-07-06 15:11:33,065 - INFO - 词汇表大小: 63
2025-07-06 15:11:33,478 - INFO - 训练器初始化完成
2025-07-06 15:11:33,479 - INFO - 模型参数量: 21,442,824
2025-07-06 15:11:33,479 - INFO - 设备: cpu
2025-07-06 15:11:33,479 - INFO - 训练样本数: 2000
2025-07-06 15:11:33,479 - INFO - 验证样本数: 500
2025-07-06 15:11:33,479 - INFO - 开始训练...
2025-07-06 15:12:51,341 - INFO - 创建多模态数据集，样本数: 2000
2025-07-06 15:12:51,341 - INFO - 词汇表大小: 63
2025-07-06 15:12:51,342 - INFO - 创建多模态数据集，样本数: 500
2025-07-06 15:12:51,342 - INFO - 词汇表大小: 63
2025-07-06 15:12:51,753 - INFO - 训练器初始化完成
2025-07-06 15:12:51,754 - INFO - 模型参数量: 21,442,824
2025-07-06 15:12:51,754 - INFO - 设备: cpu
2025-07-06 15:12:51,754 - INFO - 训练样本数: 2000
2025-07-06 15:12:51,754 - INFO - 验证样本数: 500
2025-07-06 15:12:51,754 - INFO - 开始训练...
2025-07-06 15:14:11,383 - INFO - 创建多模态数据集，样本数: 2000
2025-07-06 15:14:11,383 - INFO - 词汇表大小: 63
2025-07-06 15:14:11,383 - INFO - 创建多模态数据集，样本数: 500
2025-07-06 15:14:11,383 - INFO - 词汇表大小: 63
2025-07-06 15:14:11,787 - INFO - 训练器初始化完成
2025-07-06 15:14:11,787 - INFO - 模型参数量: 21,442,824
2025-07-06 15:14:11,787 - INFO - 设备: cpu
2025-07-06 15:14:11,787 - INFO - 训练样本数: 2000
2025-07-06 15:14:11,787 - INFO - 验证样本数: 500
2025-07-06 15:14:11,787 - INFO - 开始训练...
2025-07-06 15:14:50,617 - INFO - 创建多模态数据集，样本数: 2000
2025-07-06 15:14:50,617 - INFO - 词汇表大小: 63
2025-07-06 15:14:50,617 - INFO - 创建多模态数据集，样本数: 500
2025-07-06 15:14:50,617 - INFO - 词汇表大小: 63
2025-07-06 15:14:51,019 - INFO - 训练器初始化完成
2025-07-06 15:14:51,020 - INFO - 模型参数量: 21,442,824
2025-07-06 15:14:51,020 - INFO - 设备: cpu
2025-07-06 15:14:51,020 - INFO - 训练样本数: 2000
2025-07-06 15:14:51,020 - INFO - 验证样本数: 500
2025-07-06 15:14:51,020 - INFO - 开始训练...
2025-07-06 15:14:53,012 - INFO - Epoch 1, Batch 0/250, Loss: 8.7247
2025-07-06 15:15:01,233 - INFO - Epoch 1, Batch 10/250, Loss: 3.8409
2025-07-06 15:15:09,496 - INFO - Epoch 1, Batch 20/250, Loss: 2.5358
2025-07-06 15:15:17,919 - INFO - Epoch 1, Batch 30/250, Loss: 1.2929
2025-07-06 15:15:26,317 - INFO - Epoch 1, Batch 40/250, Loss: 0.6744
2025-07-06 15:15:34,888 - INFO - Epoch 1, Batch 50/250, Loss: 0.3964
2025-07-06 15:15:43,792 - INFO - Epoch 1, Batch 60/250, Loss: 0.4027
2025-07-06 15:15:52,746 - INFO - Epoch 1, Batch 70/250, Loss: 0.4456
2025-07-06 15:16:01,807 - INFO - Epoch 1, Batch 80/250, Loss: 0.1474
2025-07-06 15:16:10,792 - INFO - Epoch 1, Batch 90/250, Loss: 0.1823
2025-07-06 15:16:22,136 - INFO - Epoch 1, Batch 100/250, Loss: 0.1376
2025-07-06 15:16:32,593 - INFO - Epoch 1, Batch 110/250, Loss: 0.0600
2025-07-06 15:16:44,411 - INFO - Epoch 1, Batch 120/250, Loss: 0.1059
2025-07-06 15:16:57,634 - INFO - Epoch 1, Batch 130/250, Loss: 0.0643
2025-07-06 15:17:15,939 - INFO - Epoch 1, Batch 140/250, Loss: 0.0533
2025-07-06 15:17:37,110 - INFO - Epoch 1, Batch 150/250, Loss: 0.0486
2025-07-06 15:17:55,465 - INFO - Epoch 1, Batch 160/250, Loss: 0.0292
2025-07-06 15:18:12,020 - INFO - Epoch 1, Batch 170/250, Loss: 0.0382
2025-07-06 15:18:27,030 - INFO - Epoch 1, Batch 180/250, Loss: 0.0264
2025-07-06 15:18:41,498 - INFO - Epoch 1, Batch 190/250, Loss: 0.0254
2025-07-06 15:18:55,482 - INFO - Epoch 1, Batch 200/250, Loss: 0.0285
2025-07-06 15:19:09,370 - INFO - Epoch 1, Batch 210/250, Loss: 0.0245
2025-07-06 15:19:23,068 - INFO - Epoch 1, Batch 220/250, Loss: 0.0192
2025-07-06 15:19:37,262 - INFO - Epoch 1, Batch 230/250, Loss: 0.0165
2025-07-06 15:19:52,645 - INFO - Epoch 1, Batch 240/250, Loss: 0.0155
2025-07-06 15:21:10,217 - INFO - Epoch 1/10
2025-07-06 15:21:10,218 - INFO - Train Loss: 0.6004, Val Loss: 0.0235
2025-07-06 15:21:30,549 - INFO - 创建多模态数据集，样本数: 2000
2025-07-06 15:21:30,550 - INFO - 词汇表大小: 63
2025-07-06 15:21:30,550 - INFO - 创建多模态数据集，样本数: 500
2025-07-06 15:21:30,550 - INFO - 词汇表大小: 63
2025-07-06 15:21:30,998 - INFO - 训练器初始化完成
2025-07-06 15:21:30,998 - INFO - 模型参数量: 21,442,824
2025-07-06 15:21:30,998 - INFO - 设备: cpu
2025-07-06 15:21:30,998 - INFO - 训练样本数: 2000
2025-07-06 15:21:30,999 - INFO - 验证样本数: 500
2025-07-06 15:21:30,999 - INFO - 开始训练...
2025-07-06 15:21:33,239 - INFO - Epoch 1, Batch 0/250, Loss: 9.0546
2025-07-06 15:21:41,878 - INFO - Epoch 1, Batch 10/250, Loss: 3.9843
2025-07-06 15:21:51,579 - INFO - Epoch 1, Batch 20/250, Loss: 2.5949
2025-07-06 15:22:05,376 - INFO - Epoch 1, Batch 30/250, Loss: 1.5951
2025-07-06 15:22:26,143 - INFO - Epoch 1, Batch 40/250, Loss: 0.9749
2025-07-06 15:22:46,500 - INFO - Epoch 1, Batch 50/250, Loss: 0.5256
2025-07-06 15:23:01,927 - INFO - Epoch 1, Batch 60/250, Loss: 0.3196
2025-07-06 15:23:16,215 - INFO - Epoch 1, Batch 70/250, Loss: 0.3327
2025-07-06 15:23:30,048 - INFO - Epoch 1, Batch 80/250, Loss: 0.2219
2025-07-06 15:23:43,902 - INFO - Epoch 1, Batch 90/250, Loss: 0.0946
2025-07-06 15:23:57,680 - INFO - Epoch 1, Batch 100/250, Loss: 0.0666
2025-07-06 15:24:12,031 - INFO - Epoch 1, Batch 110/250, Loss: 0.0662
2025-07-06 15:24:26,145 - INFO - Epoch 1, Batch 120/250, Loss: 0.0583
2025-07-06 15:24:40,731 - INFO - Epoch 1, Batch 130/250, Loss: 0.0519
2025-07-06 15:24:54,959 - INFO - Epoch 1, Batch 140/250, Loss: 0.0481
2025-07-06 15:25:09,610 - INFO - Epoch 1, Batch 150/250, Loss: 0.0527
2025-07-06 15:25:23,990 - INFO - Epoch 1, Batch 160/250, Loss: 0.0351
2025-07-06 15:25:38,245 - INFO - Epoch 1, Batch 170/250, Loss: 0.0433
2025-07-06 15:25:53,607 - INFO - Epoch 1, Batch 180/250, Loss: 0.0222
2025-07-06 15:26:08,407 - INFO - Epoch 1, Batch 190/250, Loss: 0.0215
2025-07-06 15:26:22,621 - INFO - Epoch 1, Batch 200/250, Loss: 0.0235
2025-07-06 15:26:37,340 - INFO - Epoch 1, Batch 210/250, Loss: 0.0179
2025-07-06 15:26:50,550 - INFO - Epoch 1, Batch 220/250, Loss: 0.0212
2025-07-06 15:27:04,093 - INFO - Epoch 1, Batch 230/250, Loss: 0.0191
2025-07-06 15:27:17,621 - INFO - Epoch 1, Batch 240/250, Loss: 0.0148
2025-07-06 15:28:34,783 - INFO - Epoch 1/10
2025-07-06 15:28:34,783 - INFO - Train Loss: 0.6289, Val Loss: 0.0404
2025-07-06 15:28:35,532 - INFO - 保存最佳模型到 /Users/hej/Documents/ai/multimodal_ai/checkpoints/best_model.pth
2025-07-06 15:28:35,532 - INFO - 保存检查点到 /Users/hej/Documents/ai/multimodal_ai/checkpoints/checkpoint_epoch_1.pth
2025-07-06 15:28:37,907 - INFO - Epoch 2, Batch 0/250, Loss: 0.0177
2025-07-06 15:28:48,112 - INFO - Epoch 2, Batch 10/250, Loss: 0.0121
2025-07-06 15:29:01,241 - INFO - Epoch 2, Batch 20/250, Loss: 0.0146
2025-07-06 15:29:18,142 - INFO - Epoch 2, Batch 30/250, Loss: 0.0101
2025-07-06 15:29:35,904 - INFO - Epoch 2, Batch 40/250, Loss: 0.0135
2025-07-06 15:29:51,733 - INFO - Epoch 2, Batch 50/250, Loss: 0.0127
2025-07-06 15:30:07,259 - INFO - Epoch 2, Batch 60/250, Loss: 0.0100
2025-07-06 15:30:22,178 - INFO - Epoch 2, Batch 70/250, Loss: 0.0097
2025-07-06 15:30:37,525 - INFO - Epoch 2, Batch 80/250, Loss: 0.0089
2025-07-06 15:30:51,938 - INFO - Epoch 2, Batch 90/250, Loss: 0.0088
2025-07-06 15:31:10,495 - INFO - Epoch 2, Batch 100/250, Loss: 0.0092
2025-07-06 15:31:33,952 - INFO - Epoch 2, Batch 110/250, Loss: 0.0100
2025-07-06 15:31:51,693 - INFO - Epoch 2, Batch 120/250, Loss: 0.0098
2025-07-06 15:32:11,215 - INFO - Epoch 2, Batch 130/250, Loss: 0.0083
2025-07-06 15:32:28,705 - INFO - Epoch 2, Batch 140/250, Loss: 0.0103
2025-07-06 15:32:43,988 - INFO - Epoch 2, Batch 150/250, Loss: 0.0061
2025-07-06 15:32:58,821 - INFO - Epoch 2, Batch 160/250, Loss: 0.0083
2025-07-06 15:33:14,122 - INFO - Epoch 2, Batch 170/250, Loss: 0.0098
2025-07-06 15:33:29,307 - INFO - Epoch 2, Batch 180/250, Loss: 0.0052
2025-07-06 15:33:44,739 - INFO - Epoch 2, Batch 190/250, Loss: 0.0057
2025-07-06 15:34:00,207 - INFO - Epoch 2, Batch 200/250, Loss: 0.0055
2025-07-06 15:34:15,760 - INFO - Epoch 2, Batch 210/250, Loss: 0.0074
2025-07-06 15:34:31,070 - INFO - Epoch 2, Batch 220/250, Loss: 0.0066
2025-07-06 15:34:48,188 - INFO - Epoch 2, Batch 230/250, Loss: 0.0049
2025-07-06 15:35:04,649 - INFO - Epoch 2, Batch 240/250, Loss: 0.0064
2025-07-06 15:36:29,803 - INFO - Epoch 2/10
2025-07-06 15:36:29,803 - INFO - Train Loss: 0.0091, Val Loss: 0.0141
2025-07-06 15:36:30,372 - INFO - 保存最佳模型到 /Users/hej/Documents/ai/multimodal_ai/checkpoints/best_model.pth
2025-07-06 15:36:30,372 - INFO - 保存检查点到 /Users/hej/Documents/ai/multimodal_ai/checkpoints/checkpoint_epoch_2.pth
2025-07-06 15:36:32,794 - INFO - Epoch 3, Batch 0/250, Loss: 0.0043
2025-07-06 15:36:43,973 - INFO - Epoch 3, Batch 10/250, Loss: 0.0046
